\BOOKMARK [1][-]{section.0.1}{\376\377\000P\000r\000e\000f\000a\000c\000e}{}% 1
\BOOKMARK [0][-]{chapter.1}{\376\377\000I\000n\000t\000r\000o\000d\000u\000c\000t\000i\000o\000n\000\040\000a\000n\000d\000\040\000L\000e\000a\000s\000t\000\040\000S\000q\000u\000a\000r\000e\000s}{}% 2
\BOOKMARK [1][-]{section.1.1}{\376\377\000A\000n\000\040\000I\000n\000t\000r\000o\000d\000u\000c\000t\000o\000r\000y\000\040\000P\000r\000o\000m\000p\000t}{chapter.1}% 3
\BOOKMARK [1][-]{section.1.2}{\376\377\000A\000d\000m\000i\000n\000i\000s\000t\000r\000a\000t\000i\000v\000e\000s\000,\000\040\000S\000u\000m\000m\000a\000r\000y}{chapter.1}% 4
\BOOKMARK [1][-]{section.1.3}{\376\377\000I\000n\000t\000r\000o\000d\000u\000c\000t\000i\000o\000n\000\040\000t\000o\000\040\000T\000h\000e\000\040\000S\000u\000b\000j\000e\000c\000t\000\040\000T\000o\000p\000i\000c\000:\000\040\000O\000p\000t\000i\000m\000i\000z\000a\000t\000i\000o\000n}{chapter.1}% 5
\BOOKMARK [1][-]{section.1.4}{\376\377\000L\000e\000a\000s\000t\000\040\000S\000q\000u\000a\000r\000e\000s\000\040\000R\000e\000g\000r\000e\000s\000s\000i\000o\000n}{chapter.1}% 6
\BOOKMARK [0][-]{chapter.2}{\376\377\000\040\000L\000i\000n\000e\000a\000r\000\040\000A\000l\000g\000e\000b\000r\000a\000\040\000B\000o\000o\000t\000c\000a\000m\000p\000:\000\040\000N\000o\000r\000m\000s\000,\000\040\000G\000r\000a\000m\000-\000S\000c\000h\000m\000i\000d\000t\000,\000\040\000Q\000R\000,\000\040\000F\000T\000L\000A\000\040}{}% 7
\BOOKMARK [1][-]{section.2.1}{\376\377\000V\000e\000c\000t\000o\000r\000s\000\040\000a\000n\000d\000\040\000N\000o\000r\000m\000s}{chapter.2}% 8
\BOOKMARK [1][-]{section.2.2}{\376\377\000C\000a\000u\000c\000h\000y\000-\000S\000c\000h\000w\000a\000r\000t\000z\000\040\000I\000n\000e\000q\000u\000a\000l\000i\000t\000y}{chapter.2}% 9
\BOOKMARK [1][-]{section.2.3}{\376\377\000G\000r\000a\000m\000-\000S\000c\000h\000m\000i\000d\000t\000\040\000O\000r\000t\000h\000o\000n\000o\000r\000m\000a\000l\000i\000z\000a\000t\000i\000o\000n\000\040\000a\000n\000d\000\040\000Q\000R\000\040\000D\000e\000c\000o\000m\000p\000o\000s\000i\000t\000i\000o\000n}{chapter.2}% 10
\BOOKMARK [0][-]{chapter.3}{\376\377\000L\000i\000n\000e\000a\000r\000\040\000A\000l\000g\000e\000b\000r\000a\000:\000\040\000S\000y\000m\000m\000e\000t\000r\000i\000c\000\040\000M\000a\000t\000r\000i\000c\000e\000s}{}% 11
\BOOKMARK [1][-]{section.3.1}{\376\377\000F\000u\000n\000d\000a\000m\000e\000n\000t\000a\000l\000\040\000T\000h\000e\000o\000r\000e\000m\000\040\000o\000f\000\040\000L\000i\000n\000e\000a\000r\000\040\000A\000l\000g\000e\000b\000r\000a}{chapter.3}% 12
\BOOKMARK [1][-]{section.3.2}{\376\377\000M\000i\000n\000i\000m\000u\000m\000\040\000N\000o\000r\000m\000\040\000P\000r\000o\000b\000l\000e\000m}{chapter.3}% 13
\BOOKMARK [1][-]{section.3.3}{\376\377\000P\000r\000i\000n\000c\000i\000p\000a\000l\000\040\000C\000o\000m\000p\000o\000n\000e\000n\000t\000\040\000A\000n\000a\000l\000y\000s\000i\000s}{chapter.3}% 14
\BOOKMARK [0][-]{chapter.4}{\376\377\000P\000r\000i\000n\000c\000i\000p\000a\000l\000\040\000C\000o\000m\000p\000o\000n\000e\000n\000t\000\040\000A\000n\000a\000l\000y\000s\000i\000s}{}% 15
\BOOKMARK [1][-]{section.4.1}{\376\377\000S\000y\000m\000m\000e\000t\000r\000i\000c\000\040\000M\000a\000t\000r\000i\000x}{chapter.4}% 16
\BOOKMARK [1][-]{section.4.2}{\376\377\000P\000C\000A}{chapter.4}% 17
\BOOKMARK [0][-]{chapter.5}{\376\377\000S\000V\000D\000\040\000a\000n\000d\000\040\000L\000o\000w\000-\000R\000a\000n\000k\000\040\000A\000p\000p\000r\000o\000x\000i\000m\000a\000t\000i\000o\000n}{}% 18
\BOOKMARK [1][-]{section.5.1}{\376\377\000S\000i\000n\000g\000u\000l\000a\000r\000\040\000V\000a\000l\000u\000e\000\040\000D\000e\000c\000o\000m\000p\000o\000s\000i\000t\000i\000o\000n\000\040\000\050\000S\000V\000D\000\051}{chapter.5}% 19
\BOOKMARK [1][-]{section.5.2}{\376\377\000L\000o\000w\000\040\000R\000a\000n\000k\000\040\000A\000p\000p\000r\000o\000x\000i\000m\000a\000t\000i\000o\000n}{chapter.5}% 20
\BOOKMARK [0][-]{chapter.6}{\376\377\000L\000o\000w\000-\000R\000a\000n\000k\000\040\000A\000p\000p\000r\000o\000x\000i\000m\000a\000t\000i\000o\000n}{}% 21
\BOOKMARK [1][-]{section.6.1}{\376\377\000D\000i\000s\000c\000u\000s\000s\000i\000o\000n\000\040\000o\000f\000\040\000L\000-\000R\000A}{chapter.6}% 22
\BOOKMARK [0][-]{chapter.7}{\376\377\000V\000e\000c\000t\000o\000r\000\040\000C\000a\000l\000c\000u\000l\000u\000s}{}% 23
\BOOKMARK [1][-]{section.7.1}{\376\377\000F\000u\000n\000c\000t\000i\000o\000n\000\040\000E\000x\000p\000a\000n\000s\000i\000o\000n\000:\000\040\000T\000a\000y\000l\000o\000r\000\040\000S\000e\000r\000i\000e\000s}{chapter.7}% 24
\BOOKMARK [1][-]{section.7.2}{\376\377\000F\000u\000n\000c\000t\000i\000o\000n\000\040\000E\000x\000p\000a\000n\000s\000i\000o\000n\000:\000\040\000D\000e\000r\000i\000v\000a\000t\000i\000v\000e\000\040\000o\000f\000\040\000V\000e\000c\000t\000o\000r\000\040\000F\000u\000n\000c\000t\000i\000o\000n\000s}{chapter.7}% 25
\BOOKMARK [0][-]{chapter.8}{\376\377\000T\000h\000e\000\040\000E\000x\000t\000e\000n\000s\000i\000o\000n\000\040\000o\000f\000\040\000V\000e\000c\000t\000o\000r\000\040\000C\000a\000l\000c\000u\000l\000u\000s}{}% 26
\BOOKMARK [1][-]{section.8.1}{\376\377\000T\000h\000e\000\040\000M\000a\000i\000n\000\040\000T\000h\000e\000o\000r\000e\000m}{chapter.8}% 27
\BOOKMARK [1][-]{section.8.2}{\376\377\000P\000e\000r\000t\000u\000r\000b\000a\000t\000i\000o\000n\000\040\000A\000n\000a\000l\000y\000s\000i\000s\000,\000\040\000E\000f\000f\000e\000c\000t\000\040\000o\000f\000\040\000N\000o\000i\000s\000e}{chapter.8}% 28
\BOOKMARK [0][-]{chapter.9}{\376\377\000R\000i\000d\000g\000e\000\040\000R\000e\000g\000r\000e\000s\000s\000i\000o\000n}{}% 29
\BOOKMARK [1][-]{section.9.1}{\376\377\000P\000e\000r\000t\000u\000r\000b\000a\000t\000i\000o\000n\000\040\000A\000n\000a\000l\000y\000s\000i\000s\000\040\000G\000u\000i\000d\000e\000s\000\040\000i\000n\000t\000o\000\040\000R\000i\000d\000g\000e\000\040\000R\000e\000g\000r\000e\000s\000s\000i\000o\000n}{chapter.9}% 30
\BOOKMARK [1][-]{section.9.2}{\376\377\000R\000i\000d\000g\000e\000\040\000R\000e\000g\000r\000e\000s\000s\000i\000o\000n}{chapter.9}% 31
\BOOKMARK [1][-]{section.9.3}{\376\377\000P\000r\000o\000b\000a\000b\000i\000l\000i\000s\000t\000i\000c\000\040\000I\000n\000f\000o\000r\000m\000a\000t\000i\000o\000n\000\040\000f\000r\000o\000m\000\040\000R\000i\000d\000g\000e\000\040\000R\000e\000g\000r\000e\000s\000s\000i\000o\000n}{chapter.9}% 32
\BOOKMARK [0][-]{chapter.10}{\376\377\000C\000o\000n\000v\000e\000x\000i\000t\000y}{}% 33
\BOOKMARK [1][-]{section.10.1}{\376\377\000C\000o\000n\000v\000e\000x\000\040\000S\000e\000t}{chapter.10}% 34
\BOOKMARK [1][-]{section.10.2}{\376\377\000C\000o\000n\000v\000e\000x\000\040\000F\000u\000n\000c\000t\000i\000o\000n\000s}{chapter.10}% 35
\BOOKMARK [0][-]{chapter.11}{\376\377\000C\000o\000n\000v\000e\000x\000\040\000O\000p\000t\000i\000m\000i\000z\000a\000t\000i\000o\000n\000\040\000P\000r\000o\000b\000l\000e\000m\000s}{}% 36
\BOOKMARK [1][-]{section.11.1}{\376\377\000C\000o\000n\000v\000e\000x\000\040\000F\000u\000n\000c\000t\000i\000o\000n\000s\000,\000\040\000C\000o\000n\000t\000i\000n\000u\000e\000d}{chapter.11}% 37
\BOOKMARK [1][-]{section.11.2}{\376\377\000C\000o\000n\000v\000e\000x\000\040\000O\000p\000t\000i\000m\000i\000z\000a\000t\000i\000o\000n\000\040\000P\000r\000o\000b\000l\000e\000m}{chapter.11}% 38
\BOOKMARK [0][-]{chapter.12}{\376\377\000D\000e\000s\000c\000e\000n\000t\000\040\000M\000e\000t\000h\000o\000d\000s}{}% 39
\BOOKMARK [1][-]{section.12.1}{\376\377\000S\000t\000r\000i\000c\000t\000\040\000S\000t\000r\000o\000n\000g\000\040\000C\000o\000n\000v\000e\000x\000i\000t\000y}{chapter.12}% 40
\BOOKMARK [1][-]{section.12.2}{\376\377\000G\000r\000a\000d\000i\000e\000n\000t\000\040\000D\000e\000s\000c\000e\000n\000t}{chapter.12}% 41
\BOOKMARK [0][-]{chapter.13}{\376\377\000D\000e\000s\000c\000e\000n\000t\000\040\000M\000e\000t\000h\000o\000d\000s\000\040\000a\000n\000d\000\040\000C\000o\000n\000v\000e\000x\000\040\000O\000p\000t\000i\000m\000i\000z\000a\000t\000i\000o\000n\000s}{}% 42
\BOOKMARK [1][-]{section.13.1}{\376\377\000C\000o\000n\000t\000i\000n\000u\000e\000d\000,\000\040\000G\000r\000a\000d\000i\000e\000n\000t\000\040\000D\000e\000s\000c\000e\000n\000t\000\040\000C\000o\000n\000v\000e\000r\000g\000e\000n\000c\000e\000\040\000P\000r\000o\000o\000f}{chapter.13}% 43
\BOOKMARK [1][-]{section.13.2}{\376\377\000S\000t\000o\000c\000h\000a\000s\000t\000i\000c\000\040\000G\000r\000a\000d\000i\000e\000n\000t\000\040\000D\000e\000s\000c\000e\000n\000t}{chapter.13}% 44
\BOOKMARK [0][-]{chapter.14}{\376\377\000A\000p\000p\000l\000i\000c\000a\000t\000i\000o\000n\000s\000\040\000a\000n\000d\000\040\000E\000x\000t\000e\000n\000s\000i\000o\000n\000s\000\040\000o\000f\000\040\000G\000r\000a\000d\000i\000e\000n\000t\000\040\000D\000e\000s\000c\000e\000n\000t}{}% 45
\BOOKMARK [1][-]{section.14.1}{\376\377\000S\000t\000o\000c\000h\000a\000s\000t\000i\000c\000\040\000G\000r\000a\000d\000i\000e\000n\000t\000\040\000D\000e\000s\000c\000e\000n\000t\000,\000\040\000C\000o\000n\000t\000i\000n\000u\000e\000d}{chapter.14}% 46
\BOOKMARK [1][-]{section.14.2}{\376\377\000G\000r\000a\000d\000i\000e\000n\000t\000\040\000D\000e\000s\000c\000e\000n\000t\000\040\000w\000i\000t\000h\000\040\000P\000r\000i\000o\000r\000\040\000O\000p\000t\000i\000m\000i\000z\000a\000t\000i\000o\000n\000\040\000C\000o\000n\000s\000t\000r\000a\000i\000n\000t}{chapter.14}% 47
\BOOKMARK [0][-]{chapter.15}{\376\377\000I\000n\000t\000e\000r\000l\000u\000d\000e\000:\000\040\000L\000o\000g\000i\000s\000t\000i\000c\000\040\000R\000e\000g\000r\000e\000s\000s\000i\000o\000n}{}% 48
\BOOKMARK [1][-]{section.15.1}{\376\377\000M\000o\000n\000o\000t\000o\000n\000e\000\040\000T\000r\000a\000n\000s\000f\000o\000r\000m\000a\000t\000i\000o\000n\000s}{chapter.15}% 49
\BOOKMARK [0][-]{chapter.16}{\376\377\000W\000e\000a\000k\000\040\000D\000u\000a\000l\000i\000t\000y}{}% 50
\BOOKMARK [1][-]{section.16.1}{\376\377\000A\000c\000t\000i\000v\000e\000\040\000C\000o\000n\000s\000t\000r\000a\000i\000n\000t\000s}{chapter.16}% 51
\BOOKMARK [1][-]{section.16.2}{\376\377\000I\000n\000f\000i\000m\000u\000m\000\040\000v\000s\000.\000\040\000M\000i\000n\000i\000m\000u\000m}{chapter.16}% 52
\BOOKMARK [1][-]{section.16.3}{\376\377\000I\000n\000t\000r\000o\000d\000u\000c\000t\000i\000o\000n\000\040\000t\000o\000\040\000L\000a\000g\000r\000a\000n\000g\000i\000a\000n}{chapter.16}% 53
\BOOKMARK [0][-]{chapter.17}{\376\377\000W\000e\000a\000k\000,\000\040\000S\000t\000r\000o\000n\000g\000\040\000D\000u\000a\000l\000i\000t\000y}{}% 54
\BOOKMARK [1][-]{section.17.1}{\376\377\000I\000n\000t\000r\000o\000d\000u\000c\000t\000i\000o\000n\000\040\000t\000o\000\040\000W\000e\000a\000k\000\040\000v\000s\000.\000\040\000S\000t\000r\000o\000n\000g\000\040\000D\000u\000a\000l\000i\000t\000y\000\040\000v\000i\000a\000\040\000P\000r\000o\000b\000l\000e\000m\000s}{chapter.17}% 55
\BOOKMARK [1][-]{section.17.2}{\376\377\000M\000i\000n\000m\000a\000x\000\040\000I\000n\000e\000q\000u\000a\000l\000i\000t\000y}{chapter.17}% 56
\BOOKMARK [0][-]{chapter.18}{\376\377\000S\000t\000r\000o\000n\000g\000\040\000D\000u\000a\000l\000i\000t\000y\000\040\000a\000n\000d\000\040\000O\000p\000t\000i\000m\000a\000l\000i\000t\000y\000\040\000C\000o\000n\000d\000i\000t\000i\000o\000n\000s}{}% 57
\BOOKMARK [1][-]{section.18.1}{\376\377\000S\000t\000r\000o\000n\000g\000\040\000D\000u\000a\000l\000i\000t\000y}{chapter.18}% 58
\BOOKMARK [1][-]{section.18.2}{\376\377\000O\000p\000t\000i\000m\000a\000l\000i\000t\000y\000\040\000C\000o\000n\000d\000i\000t\000i\000o\000n\000s}{chapter.18}% 59
\BOOKMARK [1][-]{section.18.3}{\376\377\000L\000i\000n\000e\000a\000r\000\040\000P\000r\000o\000g\000r\000a\000m}{chapter.18}% 60
\BOOKMARK [0][-]{chapter.19}{\376\377\000D\000u\000a\000l\000i\000t\000y\000\040\000a\000n\000d\000\040\000S\000h\000a\000d\000o\000w\000\040\000P\000r\000i\000c\000e\000s}{}% 61
\BOOKMARK [1][-]{section.19.1}{\376\377\000A\000\040\000R\000e\000v\000i\000e\000w\000\040\000o\000f\000\040\000K\000K\000T\000\040\000C\000o\000n\000d\000i\000t\000i\000o\000n}{chapter.19}% 62
\BOOKMARK [1][-]{section.19.2}{\376\377\000D\000u\000a\000l\000\040\000o\000f\000\040\000a\000\040\000L\000i\000n\000e\000a\000r\000\040\000P\000r\000o\000g\000r\000a\000m}{chapter.19}% 63
\BOOKMARK [1][-]{section.19.3}{\376\377\000S\000h\000a\000d\000o\000w\000\040\000P\000r\000i\000c\000e\000s}{chapter.19}% 64
\BOOKMARK [0][-]{chapter.20}{\376\377\000L\000i\000n\000e\000a\000r\000\040\000P\000r\000o\000g\000r\000a\000m\000s}{}% 65
\BOOKMARK [1][-]{section.20.1}{\376\377\000M\000a\000t\000h\000e\000m\000a\000t\000i\000c\000a\000l\000l\000y\000\040\000E\000x\000p\000r\000e\000s\000s\000i\000n\000g\000\040\000L\000i\000n\000e\000a\000r\000\040\000P\000r\000o\000g\000r\000a\000m\000s}{chapter.20}% 66
\BOOKMARK [1][-]{section.20.2}{\376\377\000I\000n\000t\000e\000r\000i\000o\000r\000\040\000P\000o\000i\000n\000t}{chapter.20}% 67
